2025-09-11 18:21:30 [INFO]: Connection attempt 1 of 3 {
  "service": "database-connection"
}
2025-09-11 18:21:30 [INFO]: Connecting to database... {
  "service": "database-connection"
}
2025-09-11 18:21:30 [INFO]: Connected to database {
  "host": "localhost",
  "port": 27017,
  "database": "expenses-tracker",
  "readyState": 1,
  "service": "database-connection"
}
2025-09-11 18:21:30 [INFO]: Successfully connected to database {
  "connectionTimeMs": 68,
  "mongoVersion": "8.13.0",
  "service": "database-connection"
}
2025-09-11 18:21:30 [INFO]: Initializing default data... {
  "service": "database-connection"
}
2025-09-11 18:21:31 [INFO]: Default data initialization complete {
  "service": "database-connection"
}
2025-09-11 18:21:32 [INFO]: Connection attempt 1 of 3 {
  "service": "database-connection"
}
2025-09-11 18:21:32 [INFO]: Connecting to database... {
  "service": "database-connection"
}
2025-09-11 18:21:32 [INFO]: Connected to database {
  "host": "localhost",
  "port": 27017,
  "database": "expenses-tracker",
  "readyState": 1,
  "service": "database-connection"
}
2025-09-11 18:21:32 [INFO]: Successfully connected to database {
  "connectionTimeMs": 44,
  "mongoVersion": "8.13.0",
  "service": "database-connection"
}
2025-09-11 18:21:32 [INFO]: Initializing default data... {
  "service": "database-connection"
}
2025-09-11 18:21:33 [INFO]: Default data initialization complete {
  "service": "database-connection"
}
